# JRE version: OpenJDK Runtime Environment (11.0.2+9) (build 11.0.2+9)
# Java VM: OpenJDK 64-Bit Server VM (11.0.2+9, mixed mode, tiered, compressed oops, g1 gc, windows-amd64)
Heap:
 garbage-first heap   total 262144K, used 12134K [0x0000000700c00000, 0x0000000800000000)
  region size 1024K, 10 young (10240K), 3 survivors (3072K)
 Metaspace       used 24550K, capacity 25251K, committed 25600K, reserved 1073152K
  class space    used 2451K, capacity 2721K, committed 2816K, reserved 1048576K
GC Heap History (8 events):
Event: 68.945 GC heap before
{Heap before GC invocations=0 (full 0):
 garbage-first heap   total 262144K, used 24576K [0x0000000700c00000, 0x0000000800000000)
  region size 1024K, 24 young (24576K), 0 survivors (0K)
 Metaspace       used 16403K, capacity 16826K, committed 17024K, reserved 1064960K
  class space    used 1469K, capacity 1627K, committed 1664K, reserved 1048576K
}
Event: 68.948 GC heap after
{Heap after GC invocations=1 (full 0):
 garbage-first heap   total 262144K, used 3660K [0x0000000700c00000, 0x0000000800000000)
  region size 1024K, 3 young (3072K), 3 survivors (3072K)
 Metaspace       used 16403K, capacity 16826K, committed 17024K, reserved 1064960K
  class space    used 1469K, capacity 1627K, committed 1664K, reserved 1048576K
}
Event: 69.091 GC heap before
{Heap before GC invocations=1 (full 0):
 garbage-first heap   total 262144K, used 9804K [0x0000000700c00000, 0x0000000800000000)
  region size 1024K, 10 young (10240K), 3 survivors (3072K)
 Metaspace       used 20663K, capacity 21205K, committed 21248K, reserved 1069056K
  class space    used 2055K, capacity 2263K, committed 2304K, reserved 1048576K
}
Event: 69.095 GC heap after
{Heap after GC invocations=2 (full 0):
 garbage-first heap   total 262144K, used 4417K [0x0000000700c00000, 0x0000000800000000)
  region size 1024K, 4 young (4096K), 4 survivors (4096K)
 Metaspace       used 20663K, capacity 21205K, committed 21248K, reserved 1069056K
  class space    used 2055K, capacity 2263K, committed 2304K, reserved 1048576K
}
Event: 69.566 GC heap before
{Heap before GC invocations=3 (full 0):
 garbage-first heap   total 262144K, used 37185K [0x0000000700c00000, 0x0000000800000000)
  region size 1024K, 31 young (31744K), 4 survivors (4096K)
 Metaspace       used 24129K, capacity 24798K, committed 25088K, reserved 1071104K
  class space    used 2447K, capacity 2720K, committed 2816K, reserved 1048576K
}
Event: 69.569 GC heap after
{Heap after GC invocations=4 (full 0):
 garbage-first heap   total 262144K, used 5912K [0x0000000700c00000, 0x0000000800000000)
  region size 1024K, 3 young (3072K), 3 survivors (3072K)
 Metaspace       used 24129K, capacity 24798K, committed 25088K, reserved 1071104K
  class space    used 2447K, capacity 2720K, committed 2816K, reserved 1048576K
}
Event: 69.890 GC heap before
{Heap before GC invocations=4 (full 0):
 garbage-first heap   total 262144K, used 56088K [0x0000000700c00000, 0x0000000800000000)
  region size 1024K, 52 young (53248K), 3 survivors (3072K)
 Metaspace       used 24233K, capacity 24926K, committed 25088K, reserved 1071104K
  class space    used 2447K, capacity 2720K, committed 2816K, reserved 1048576K
}
Event: 69.891 GC heap after
{Heap after GC invocations=5 (full 0):
 garbage-first heap   total 262144K, used 5990K [0x0000000700c00000, 0x0000000800000000)
  region size 1024K, 3 young (3072K), 3 survivors (3072K)
 Metaspace       used 24233K, capacity 24926K, committed 25088K, reserved 1071104K
  class space    used 2447K, capacity 2720K, committed 2816K, reserved 1048576K
}

