# JRE version: OpenJDK Runtime Environment (11.0.2+9) (build 11.0.2+9)
# Java VM: OpenJDK 64-Bit Server VM (11.0.2+9, mixed mode, tiered, compressed oops, g1 gc, windows-amd64)
Heap:
 garbage-first heap   total 262144K, used 86721K [0x0000000700c00000, 0x0000000800000000)
  region size 1024K, 83 young (84992K), 3 survivors (3072K)
 Metaspace       used 24890K, capacity 25598K, committed 25856K, reserved 1073152K
  class space    used 2472K, capacity 2726K, committed 2816K, reserved 1048576K
GC Heap History (8 events):
Event: 15.893 GC heap before
{Heap before GC invocations=0 (full 0):
 garbage-first heap   total 262144K, used 24576K [0x0000000700c00000, 0x0000000800000000)
  region size 1024K, 24 young (24576K), 0 survivors (0K)
 Metaspace       used 16408K, capacity 16830K, committed 17024K, reserved 1064960K
  class space    used 1470K, capacity 1629K, committed 1664K, reserved 1048576K
}
Event: 15.898 GC heap after
{Heap after GC invocations=1 (full 0):
 garbage-first heap   total 262144K, used 3791K [0x0000000700c00000, 0x0000000800000000)
  region size 1024K, 3 young (3072K), 3 survivors (3072K)
 Metaspace       used 16408K, capacity 16830K, committed 17024K, reserved 1064960K
  class space    used 1470K, capacity 1629K, committed 1664K, reserved 1048576K
}
Event: 16.051 GC heap before
{Heap before GC invocations=1 (full 0):
 garbage-first heap   total 262144K, used 9935K [0x0000000700c00000, 0x0000000800000000)
  region size 1024K, 10 young (10240K), 3 survivors (3072K)
 Metaspace       used 20704K, capacity 21205K, committed 21248K, reserved 1069056K
  class space    used 2068K, capacity 2263K, committed 2304K, reserved 1048576K
}
Event: 16.056 GC heap after
{Heap after GC invocations=2 (full 0):
 garbage-first heap   total 262144K, used 4404K [0x0000000700c00000, 0x0000000800000000)
  region size 1024K, 4 young (4096K), 4 survivors (4096K)
 Metaspace       used 20704K, capacity 21205K, committed 21248K, reserved 1069056K
  class space    used 2068K, capacity 2263K, committed 2304K, reserved 1048576K
}
Event: 16.460 GC heap before
{Heap before GC invocations=3 (full 0):
 garbage-first heap   total 262144K, used 25908K [0x0000000700c00000, 0x0000000800000000)
  region size 1024K, 19 young (19456K), 4 survivors (4096K)
 Metaspace       used 24083K, capacity 24734K, committed 24832K, reserved 1071104K
  class space    used 2449K, capacity 2720K, committed 2816K, reserved 1048576K
}
Event: 16.464 GC heap after
{Heap after GC invocations=4 (full 0):
 garbage-first heap   total 262144K, used 5685K [0x0000000700c00000, 0x0000000800000000)
  region size 1024K, 3 young (3072K), 3 survivors (3072K)
 Metaspace       used 24083K, capacity 24734K, committed 24832K, reserved 1071104K
  class space    used 2449K, capacity 2720K, committed 2816K, reserved 1048576K
}
Event: 19.255 GC heap before
{Heap before GC invocations=4 (full 0):
 garbage-first heap   total 262144K, used 72245K [0x0000000700c00000, 0x0000000800000000)
  region size 1024K, 68 young (69632K), 3 survivors (3072K)
 Metaspace       used 24661K, capacity 25393K, committed 25600K, reserved 1073152K
  class space    used 2472K, capacity 2726K, committed 2816K, reserved 1048576K
}
Event: 19.257 GC heap after
{Heap after GC invocations=5 (full 0):
 garbage-first heap   total 262144K, used 5825K [0x0000000700c00000, 0x0000000800000000)
  region size 1024K, 3 young (3072K), 3 survivors (3072K)
 Metaspace       used 24661K, capacity 25393K, committed 25600K, reserved 1073152K
  class space    used 2472K, capacity 2726K, committed 2816K, reserved 1048576K
}

